[16:02:39] [main/INFO]: Loading Minecraft 1.21.11 with Fabric Loader 0.18.4
[16:02:40] [main/INFO]: Loading 43 mods:
	- distanthorizons 2.4.5-b
	   |-- fabric-api-base 1.0.5+4ebb5c0853
	   |-- fabric-key-binding-api-v1 1.1.7+4fc5413f53
	   |-- fabric-lifecycle-events-v1 2.6.15+4ebb5c0853
	   |-- fabric-rendering-v1 16.2.5+1fb1cde953
	   |-- fabric-resource-loader-v0 3.3.4+4fc5413f53
	   |-- fabric-resource-loader-v1 1.0.10+78c8b46653
	   \-- fabric-screen-api-v1 3.1.7+4ebb5c0853
	- fabric-api 0.141.1+1.21.11
	   |-- fabric-api-lookup-api-v1 1.6.113+1fb1cde93e
	   |-- fabric-biome-api-v1 17.1.1+4fc5413f3e
	   |-- fabric-block-api-v1 1.1.10+4ebb5c083e
	   |-- fabric-block-view-api-v2 1.0.39+4ebb5c083e
	   |-- fabric-command-api-v2 2.4.7+6b42a6003e
	   |-- fabric-content-registries-v0 10.2.14+4fc5413f3e
	   |-- fabric-convention-tags-v1 2.1.55+7f945d5b3e
	   |-- fabric-convention-tags-v2 2.17.3+8ef948ba3e
	   |-- fabric-crash-report-info-v1 0.3.23+4ebb5c083e
	   |-- fabric-data-attachment-api-v1 1.8.46+b6ef3aec3e
	   |-- fabric-data-generation-api-v1 23.4.0+69974c4e3e
	   |-- fabric-dimensions-v1 4.0.28+4fc5413f3e
	   |-- fabric-entity-events-v1 3.1.1+1d0ab4303e
	   |-- fabric-events-interaction-v0 4.1.0+3b89ecf63e
	   |-- fabric-game-rule-api-v1 2.0.3+4fc5413f3e
	   |-- fabric-item-api-v1 11.5.20+d0c46b9e3e
	   |-- fabric-item-group-api-v1 4.2.36+4fc5413f3e
	   |-- fabric-key-binding-api-v1 1.1.7+4fc5413f3e
	   |-- fabric-loot-api-v2 3.0.73+3f89f5a53e
	   |-- fabric-loot-api-v3 2.0.20+78c8b4663e
	   |-- fabric-message-api-v1 6.1.12+4ebb5c083e
	   |-- fabric-model-loading-api-v1 6.0.14+4fc5413f3e
	   |-- fabric-networking-api-v1 5.1.5+ae1e07683e
	   |-- fabric-object-builder-api-v1 21.1.39+4fc5413f3e
	   |-- fabric-particles-v1 4.2.11+4fc5413f3e
	   |-- fabric-recipe-api-v1 8.2.3+4ebb5c083e
	   |-- fabric-registry-sync-v0 6.2.5+1718722b3e
	   |-- fabric-renderer-api-v1 8.0.2+f4ffd2e53e
	   |-- fabric-renderer-indigo 5.0.2+f4ffd2e53e
	   |-- fabric-rendering-fluids-v1 3.1.43+4ebb5c083e
	   |-- fabric-rendering-v1 16.2.9+7edacff13e
	   |-- fabric-resource-conditions-api-v1 5.0.35+4fc5413f3e
	   |-- fabric-screen-api-v1 3.1.7+4ebb5c083e
	   |-- fabric-screen-handler-api-v1 1.3.161+4fc5413f3e
	   |-- fabric-serialization-api-v1 1.0.5+4ebb5c083e
	   |-- fabric-sound-api-v1 1.0.51+4fc5413f3e
	   |-- fabric-tag-api-v1 1.2.20+4fc5413f3e
	   |-- fabric-transfer-api-v1 6.0.24+4fc5413f3e
	   \-- fabric-transitive-access-wideners-v1 7.1.0+014c8cec3e
	- fabricloader 0.18.4
	   \-- mixinextras 0.5.0
	- java 21
	- lithium 0.21.2+mc1.21.11
	- minecraft 1.21.11
[16:02:40] [main/INFO]: SpongePowered MIXIN Subsystem Version=0.8.7 Source=file:/root/minecraft-server/libraries/net/fabricmc/sponge-mixin/0.17.0+mixin.0.8.7/sponge-mixin-0.17.0+mixin.0.8.7.jar Service=Knot/Fabric Env=SERVER
[16:02:40] [main/INFO]: Compatibility level set to JAVA_21
[16:02:41] [main/INFO]: Loaded configuration file for Lithium: 164 options available, 0 override(s) found.
[16:02:43] [main/INFO]: Initializing MixinExtras via com.llamalad7.mixinextras.service.MixinExtrasServiceImpl(version=0.5.0).
[16:03:06] [main/INFO]: Initializing Distant Horizons server, firing DhApiBeforeDhInitEvent event...
[16:03:06] [main/INFO]: Running library validation...
[16:03:07] [main/INFO]: Garbage collectors: [G1 Young Generation, G1 Concurrent GC, G1 Old Generation]
[16:03:07] [main/WARN]: Distant Horizons: G1 Garbage collector detected. 
This garbage collector can cause FPS stuttering. 
It's recommended to use a concurrent garbage collector 
like ZGC (Java 21+) or Shenandoah (Java 8 through 17) for a smoother experience. 

[16:03:07] [main/INFO]: Distant Horizons, Version: 2.4.5-b
[16:03:07] [main/INFO]: Registering Fabric Server Events
[16:03:07] [main/INFO]: Skipping mod compatibility accessor for: [starlight]
[16:03:07] [main/INFO]: Skipping mod compatibility accessor for: [optifine]
[16:03:07] [main/INFO]: Skipping mod compatibility accessor for: [bclib]
[16:03:07] [main/INFO]: Skipping mod compatibility accessor for: [c2me]
[16:03:07] [main/INFO]: Skipping mod compatibility accessor for: [iris]
[16:03:07] [main/INFO]: Distant Horizons server Initialized, adding event subscribers...
[16:03:07] [main/INFO]: Environment: Environment[sessionHost=https://sessionserver.mojang.com, servicesHost=https://api.minecraftservices.com, profilesHost=https://api.mojang.com, name=PROD]
[16:03:07] [main/INFO]: Found new data pack fabric-convention-tags-v2, loading it automatically
[16:03:12] [main/INFO]: Loaded 1470 recipes
[16:03:12] [main/INFO]: Loaded 1584 advancements
[16:03:13] [main/INFO]: Applied 0 biome modifications to 0 of 65 new biomes in 9.857 ms
[16:03:13] [Server thread/INFO]: Initialising config for [DistantHorizons]
[16:03:13] [Server thread/INFO]: [DistantHorizons] Config initialised
[16:03:13] [Server thread/WARN]: Multiple potential preset options [LOW_IMPACT, BALANCED], defaulting to the first one.
[16:03:13] [Server thread/INFO]: Dimension ignoring disabled, DH will render all dimensions.
[16:03:13] [Server thread/INFO]: Applying config to loggers
[16:03:13] [Server thread/INFO]: Running Delayed setup...
[16:03:13] [Server thread/INFO]: Delayed setup complete, firing DhApiAfterDhInitEvent event...
[16:03:13] [Server thread/INFO]: Checking for Distant Horizons update
[16:03:13] [Server thread/INFO]: Distant Horizons already up to date.
[16:03:13] [Server thread/INFO]: Distant Horizons server Initialized at 
[16:03:13] [Server thread/INFO]: Started [DhServerWorld] of type [SERVER_ONLY].
[16:03:14] [Server thread/INFO]: Starting minecraft server version 1.21.11
[16:03:14] [Server thread/INFO]: Loading properties
[16:03:14] [Server thread/INFO]: Default game type: SURVIVAL
[16:03:14] [Server thread/INFO]: Generating keypair
[16:03:14] [Server thread/INFO]: Starting Minecraft server on *:25565
[16:03:14] [Server thread/INFO]: Preparing level "world"
[16:03:15] [Server thread/INFO]: Running SQL update script: [sqlScripts/0010-sqlite-createInitialDataTables.sql], for repo: [./world/data/DistantHorizons.sqlite]
[16:03:16] [Server thread/INFO]: Running SQL update script: [sqlScripts/0020-sqlite-createFullDataSourceV2Tables.sql], for repo: [./world/data/DistantHorizons.sqlite]
[16:03:16] [Server thread/INFO]: Running SQL update script: [sqlScripts/0030-sqlite-changeTableJournaling.sql], for repo: [./world/data/DistantHorizons.sqlite]
[16:03:16] [Server thread/INFO]: Running SQL update script: [sqlScripts/0031-sqlite-useSqliteWalJournaling.sql], for repo: [./world/data/DistantHorizons.sqlite]
[16:03:16] [Server thread/INFO]: Running SQL update script: [sqlScripts/0040-sqlite-removeRenderCache.sql], for repo: [./world/data/DistantHorizons.sqlite]
[16:03:16] [Server thread/INFO]: Running SQL update script: [sqlScripts/0050-sqlite-addApplyToParentIndex.sql], for repo: [./world/data/DistantHorizons.sqlite]
[16:03:16] [Server thread/INFO]: Running SQL update script: [sqlScripts/0060-sqlite-createChunkHashTable.sql], for repo: [./world/data/DistantHorizons.sqlite]
[16:03:16] [Server thread/INFO]: Running SQL update script: [sqlScripts/0070-sqlite-createBeaconBeamTable.sql], for repo: [./world/data/DistantHorizons.sqlite]
[16:03:16] [Server thread/INFO]: Running SQL update script: [sqlScripts/0080-sqlite-addApplyToChildrenColumn.sql], for repo: [./world/data/DistantHorizons.sqlite]
[16:03:16] [Server thread/INFO]: Running SQL update script: [sqlScripts/0090-sqlite-addAdjacentFullDataColumns.sql], for repo: [./world/data/DistantHorizons.sqlite]
[16:03:16] [DH-Full Data Migration Thread[0]/INFO]: No migration necessary.
[16:03:16] [Server thread/INFO]: Started DhServerLevel for [Wrapped{ServerLevel[world]@minecraft:overworld}] at [[LocalSaveStructure@(./world/data)]].
[16:03:16] [DH-Request Module Ticker [minecraft:overworld] Thread[0]/INFO]: Batch Chunk Generator initialized
[16:03:16] [DH-Request Module Ticker [minecraft:overworld] Thread[0]/INFO]: Creating world gen queue
[16:03:16] [DH-Request Module Ticker [minecraft:overworld] Thread[0]/INFO]: Created world gen queue
[16:03:16] [DH-Request Module Ticker [minecraft:overworld] Thread[0]/INFO]: Set world gen queue for level [minecraft:overworld].
[16:03:16] [DH-ApplyConfigPresetTimer/WARN]: Multiple potential preset options [LOW_IMPACT, BALANCED], defaulting to the first one.
[16:03:16] [Server thread/INFO]: Running SQL update script: [sqlScripts/0010-sqlite-createInitialDataTables.sql], for repo: [./world/DIM-1/data/DistantHorizons.sqlite]
[16:03:16] [Server thread/INFO]: Running SQL update script: [sqlScripts/0020-sqlite-createFullDataSourceV2Tables.sql], for repo: [./world/DIM-1/data/DistantHorizons.sqlite]
[16:03:16] [Server thread/INFO]: Running SQL update script: [sqlScripts/0030-sqlite-changeTableJournaling.sql], for repo: [./world/DIM-1/data/DistantHorizons.sqlite]
[16:03:16] [Server thread/INFO]: Running SQL update script: [sqlScripts/0031-sqlite-useSqliteWalJournaling.sql], for repo: [./world/DIM-1/data/DistantHorizons.sqlite]
[16:03:16] [Server thread/INFO]: Running SQL update script: [sqlScripts/0040-sqlite-removeRenderCache.sql], for repo: [./world/DIM-1/data/DistantHorizons.sqlite]
[16:03:16] [Server thread/INFO]: Running SQL update script: [sqlScripts/0050-sqlite-addApplyToParentIndex.sql], for repo: [./world/DIM-1/data/DistantHorizons.sqlite]
[16:03:16] [Server thread/INFO]: Running SQL update script: [sqlScripts/0060-sqlite-createChunkHashTable.sql], for repo: [./world/DIM-1/data/DistantHorizons.sqlite]
[16:03:16] [Server thread/INFO]: Running SQL update script: [sqlScripts/0070-sqlite-createBeaconBeamTable.sql], for repo: [./world/DIM-1/data/DistantHorizons.sqlite]
[16:03:16] [Server thread/INFO]: Running SQL update script: [sqlScripts/0080-sqlite-addApplyToChildrenColumn.sql], for repo: [./world/DIM-1/data/DistantHorizons.sqlite]
[16:03:16] [Server thread/INFO]: Running SQL update script: [sqlScripts/0090-sqlite-addAdjacentFullDataColumns.sql], for repo: [./world/DIM-1/data/DistantHorizons.sqlite]
[16:03:16] [DH-Full Data Migration Thread[0]/INFO]: No migration necessary.
[16:03:16] [Server thread/INFO]: Started DhServerLevel for [Wrapped{ServerLevel[world]@minecraft:the_nether}] at [[LocalSaveStructure@(./world/data;./world/DIM-1/data)]].
[16:03:16] [DH-Request Module Ticker [minecraft:the_nether] Thread[0]/INFO]: Batch Chunk Generator initialized
[16:03:16] [DH-Request Module Ticker [minecraft:the_nether] Thread[0]/INFO]: Creating world gen queue
[16:03:16] [DH-Request Module Ticker [minecraft:the_nether] Thread[0]/INFO]: Created world gen queue
[16:03:16] [DH-Request Module Ticker [minecraft:the_nether] Thread[0]/INFO]: Set world gen queue for level [minecraft:the_nether].
[16:03:16] [Server thread/INFO]: Running SQL update script: [sqlScripts/0010-sqlite-createInitialDataTables.sql], for repo: [./world/DIM1/data/DistantHorizons.sqlite]
[16:03:16] [Server thread/INFO]: Running SQL update script: [sqlScripts/0020-sqlite-createFullDataSourceV2Tables.sql], for repo: [./world/DIM1/data/DistantHorizons.sqlite]
[16:03:16] [Server thread/INFO]: Running SQL update script: [sqlScripts/0030-sqlite-changeTableJournaling.sql], for repo: [./world/DIM1/data/DistantHorizons.sqlite]
[16:03:16] [Server thread/INFO]: Running SQL update script: [sqlScripts/0031-sqlite-useSqliteWalJournaling.sql], for repo: [./world/DIM1/data/DistantHorizons.sqlite]
[16:03:16] [Server thread/INFO]: Running SQL update script: [sqlScripts/0040-sqlite-removeRenderCache.sql], for repo: [./world/DIM1/data/DistantHorizons.sqlite]
[16:03:16] [Server thread/INFO]: Running SQL update script: [sqlScripts/0050-sqlite-addApplyToParentIndex.sql], for repo: [./world/DIM1/data/DistantHorizons.sqlite]
[16:03:16] [Server thread/INFO]: Running SQL update script: [sqlScripts/0060-sqlite-createChunkHashTable.sql], for repo: [./world/DIM1/data/DistantHorizons.sqlite]
[16:03:16] [Server thread/INFO]: Running SQL update script: [sqlScripts/0070-sqlite-createBeaconBeamTable.sql], for repo: [./world/DIM1/data/DistantHorizons.sqlite]
[16:03:16] [Server thread/INFO]: Running SQL update script: [sqlScripts/0080-sqlite-addApplyToChildrenColumn.sql], for repo: [./world/DIM1/data/DistantHorizons.sqlite]
[16:03:16] [Server thread/INFO]: Running SQL update script: [sqlScripts/0090-sqlite-addAdjacentFullDataColumns.sql], for repo: [./world/DIM1/data/DistantHorizons.sqlite]
[16:03:16] [DH-Full Data Migration Thread[0]/INFO]: No migration necessary.
[16:03:16] [Server thread/INFO]: Started DhServerLevel for [Wrapped{ServerLevel[world]@minecraft:the_end}] at [[LocalSaveStructure@(./world/data;./world/DIM-1/data;./world/DIM1/data)]].
[16:03:16] [DH-Request Module Ticker [minecraft:the_end] Thread[0]/INFO]: Batch Chunk Generator initialized
[16:03:16] [DH-Request Module Ticker [minecraft:the_end] Thread[0]/INFO]: Creating world gen queue
[16:03:16] [DH-Request Module Ticker [minecraft:the_end] Thread[0]/INFO]: Created world gen queue
[16:03:16] [DH-Request Module Ticker [minecraft:the_end] Thread[0]/INFO]: Set world gen queue for level [minecraft:the_end].
[16:03:16] [Server thread/INFO]: Loading 0 persistent chunks...
[16:03:16] [Server thread/INFO]: Preparing spawn area: 100%
[16:03:16] [Server thread/INFO]: Time elapsed: 143 ms
[16:03:16] [Server thread/INFO]: Done (1.944s)! For help, type "help"
[16:04:16] [Server thread/INFO]: Server empty for 60 seconds, pausing
[17:10:30] [User Authenticator #1/INFO]: UUID of player pteren is b4ae8f90-0860-4f82-8ea0-f0db8216b986
[17:10:54] [Server thread/INFO]: pteren[/68.47.196.154:34818] logged in with entity id 13 at (-37.5, 64.0, 54.5)
[17:10:54] [Server thread/INFO]: Player [pteren] joined.
[17:10:54] [Server thread/INFO]: pteren joined the game
[17:12:54] [Server thread/WARN]: Can't keep up! Is the server overloaded? Running 4004ms or 80 ticks behind
[17:20:39] [Netty Epoll IO #1/INFO]: Player [pteren] disconnected.
[17:20:39] [Server thread/INFO]: pteren lost connection: Disconnected
[17:20:39] [Server thread/INFO]: pteren left the game
[17:20:49] [Server thread/INFO]: Set the time to 1000
[17:21:00] [Server thread/INFO]: Stopping the server
[17:21:00] [Server thread/INFO]: Stopping server
[17:21:00] [Server thread/INFO]: Saving players
[17:21:00] [Server thread/INFO]: Saving worlds
[17:21:00] [Server thread/INFO]: Saving chunks for level 'ServerLevel[world]'/minecraft:overworld
[17:21:00] [Server thread/INFO]: Saving chunks for level 'ServerLevel[world]'/minecraft:the_nether
[17:21:00] [Server thread/INFO]: Saving chunks for level 'ServerLevel[world]'/minecraft:the_end
[17:21:01] [Server thread/INFO]: ThreadedAnvilChunkStorage (world): All chunks are saved
[17:21:01] [Server thread/INFO]: ThreadedAnvilChunkStorage (DIM-1): All chunks are saved
[17:21:01] [Server thread/INFO]: ThreadedAnvilChunkStorage (DIM1): All chunks are saved
[17:21:01] [Server thread/INFO]: ThreadedAnvilChunkStorage: All dimensions are saved
[17:21:01] [Server thread/INFO]: Closing world gen queue
[17:21:01] [Server thread/INFO]: Closing WorldGenerationQueue...
[17:21:01] [Server thread/INFO]: Shutting down world generator thread pool...
[17:21:01] [Server thread/INFO]: World generator thread pool shutdown with [0] incomplete tasks.
[17:21:01] [Server thread/INFO]: [BatchGenerator] shutting down...
[17:21:01] [Server thread/INFO]: Closing [BatchGenerationEnvironment]
[17:21:01] [Server thread/INFO]: Finished closing WorldGenerationQueue
[17:21:01] [Server thread/INFO]: Closed DHLevel for [Wrapped{ServerLevel[world]@minecraft:overworld}].
[17:21:01] [Server thread/INFO]: Closing world gen queue
[17:21:01] [Server thread/INFO]: Closing WorldGenerationQueue...
[17:21:01] [Server thread/INFO]: Shutting down world generator thread pool...
[17:21:01] [Server thread/INFO]: World generator thread pool shutdown with [0] incomplete tasks.
[17:21:01] [Server thread/INFO]: [BatchGenerator] shutting down...
[17:21:01] [Server thread/INFO]: Closing [BatchGenerationEnvironment]
[17:21:01] [Server thread/INFO]: Finished closing WorldGenerationQueue
[17:21:01] [Server thread/INFO]: Closed DHLevel for [Wrapped{ServerLevel[world]@minecraft:the_nether}].
[17:21:01] [Server thread/INFO]: Closing world gen queue
[17:21:01] [Server thread/INFO]: Closing WorldGenerationQueue...
[17:21:01] [Server thread/INFO]: Shutting down world generator thread pool...
[17:21:01] [Server thread/INFO]: World generator thread pool shutdown with [0] incomplete tasks.
[17:21:01] [Server thread/INFO]: [BatchGenerator] shutting down...
[17:21:01] [Server thread/INFO]: Closing [BatchGenerationEnvironment]
[17:21:01] [Server thread/INFO]: Finished closing WorldGenerationQueue
[17:21:01] [Server thread/INFO]: Closed DHLevel for [Wrapped{ServerLevel[world]@minecraft:the_end}].
[17:21:01] [Server thread/INFO]: Closed DhWorld of type [SERVER_ONLY].
[17:21:01] [Server thread/INFO]: Closed DhWorld of type [SERVER_ONLY].
[17:21:01] [Server thread/INFO]: Shutting down PriorityTaskPicker thread pool...
[17:21:01] [Server thread/INFO]: Closing all [3] database connections...
[17:21:01] [Server thread/INFO]: Closing database connection: [jdbc:dh_sqlite:./world/DIM-1/data/DistantHorizons.sqlite]
[17:21:01] [Server thread/INFO]: Closing database connection: [jdbc:dh_sqlite:./world/data/DistantHorizons.sqlite]
[17:21:01] [Server thread/INFO]: Closing database connection: [jdbc:dh_sqlite:./world/DIM1/data/DistantHorizons.sqlite]
